<?xml version="1.0" encoding="UTF-8"?>
<!-- Generated by org.testng.reporters.JUnitReportReporter -->
<testsuite skipped="0" hostname="DESKTOP-C35QMNU" name="qaclickacademy.SeleniumTest" tests="2" failures="0" timestamp="13 Feb 2020 16:11:47 GMT" time="0.014" errors="0">
  <testcase name="ElementsUI" time="0.004" classname="qaclickacademy.SeleniumTest"/>
  <testcase name="BrowserAutomation" time="0.010" classname="qaclickacademy.SeleniumTest"/>
</testsuite> <!-- qaclickacademy.SeleniumTest -->
