<?xml version="1.0" encoding="UTF-8"?>
<!-- Generated by org.testng.reporters.JUnitReportReporter -->
<testsuite skipped="0" hostname="DESKTOP-C35QMNU" name="qaclickacademy.RestAPITest" tests="2" failures="0" timestamp="13 Feb 2020 16:11:47 GMT" time="0.003" errors="0">
  <testcase name="IOSApps" time="0.002" classname="qaclickacademy.RestAPITest"/>
  <testcase name="NativeAppAndroid" time="0.001" classname="qaclickacademy.RestAPITest"/>
</testsuite> <!-- qaclickacademy.RestAPITest -->
