<?xml version="1.0" encoding="UTF-8"?>
<!-- Generated by org.testng.reporters.JUnitReportReporter -->
<testsuite skipped="0" hostname="DESKTOP-C35QMNU" name="qaclickacademy.AppiumTest" tests="2" failures="0" timestamp="2020-02-13T11:27:44 EST" time="0.001" errors="0">
  <testcase name="PostJira" time="0.001" classname="qaclickacademy.AppiumTest"/>
  <testcase name="TwitterDelete" time="0.000" classname="qaclickacademy.AppiumTest"/>
</testsuite> <!-- qaclickacademy.AppiumTest -->
